platforms/android/app/build/outputs/logs/manifest-merger-release-report.txt
-- Merging decision tree log ---
manifest
ADDED from src/main/AndroidManifest.xml:2:1-21:12
INJECTED from src/main/AndroidManifest.xml:2:1-21:12
INJECTED from src/main/AndroidManifest.xml:2:1-21:12
INJECTED from src/main/AndroidManifest.xml:2:1-21:12
MERGED from [:CordovaLib] AndroidManifest.xml:20:1-27:12
INJECTED from src/main/AndroidManifest.xml:2:1-21:12
INJECTED from src/main/AndroidManifest.xml:2:1-21:12
INJECTED from src/main/AndroidManifest.xml:2:1-21:12
	package
		ADDED from src/main/AndroidManifest.xml:2:102-134
		INJECTED from src/main/AndroidManifest.xml
		INJECTED from src/main/AndroidManifest.xml
	android:versionName
		ADDED from src/main/AndroidManifest.xml:2:74-101
		INJECTED from src/main/AndroidManifest.xml
		INJECTED from src/main/AndroidManifest.xml
	android:hardwareAccelerated
		ADDED from src/main/AndroidManifest.xml:2:11-45
	xmlns:android
		ADDED from src/main/AndroidManifest.xml:2:135-193
	android:versionCode
		ADDED from src/main/AndroidManifest.xml:2:46-73
		INJECTED from src/main/AndroidManifest.xml
		INJECTED from src/main/AndroidManifest.xml
supports-screens
ADDED from src/main/AndroidManifest.xml:3:5-191
	android:largeScreens
		ADDED from src/main/AndroidManifest.xml:3:49-76
	android:smallScreens
		ADDED from src/main/AndroidManifest.xml:3:132-159
	android:normalScreens
		ADDED from src/main/AndroidManifest.xml:3:77-105
	android:xlargeScreens
		ADDED from src/main/AndroidManifest.xml:3:160-188
	android:resizeable
		ADDED from src/main/AndroidManifest.xml:3:106-131
	android:anyDensity
		ADDED from src/main/AndroidManifest.xml:3:23-48
uses-permission#android.permission.INTERNET
ADDED from src/main/AndroidManifest.xml:4:5-67
	android:name
		ADDED from src/main/AndroidManifest.xml:4:22-64
uses-permission#android.permission.WRITE_EXTERNAL_STORAGE
ADDED from src/main/AndroidManifest.xml:5:5-81
	android:name
		ADDED from src/main/AndroidManifest.xml:5:22-78
application
ADDED from src/main/AndroidManifest.xml:6:5-19:19
	android:supportsRtl
		ADDED from src/main/AndroidManifest.xml:6:114-140
	android:label
		ADDED from src/main/AndroidManifest.xml:6:81-113
	android:hardwareAccelerated
		ADDED from src/main/AndroidManifest.xml:6:18-52
	android:icon
		ADDED from src/main/AndroidManifest.xml:6:53-80
activity#com.erpx.client.prulia.MainActivity
ADDED from src/main/AndroidManifest.xml:7:9-18:20
	android:label
		ADDED from src/main/AndroidManifest.xml:7:97-134
	android:launchMode
		ADDED from src/main/AndroidManifest.xml:7:135-170
	android:windowSoftInputMode
		ADDED from src/main/AndroidManifest.xml:7:262-304
	android:configChanges
		ADDED from src/main/AndroidManifest.xml:7:19-96
	android:theme
		ADDED from src/main/AndroidManifest.xml:7:199-261
	android:name
		ADDED from src/main/AndroidManifest.xml:7:171-198
intent-filter#android.intent.action.MAIN+android.intent.category.LAUNCHER
ADDED from src/main/AndroidManifest.xml:8:13-11:29
	android:label
		ADDED from src/main/AndroidManifest.xml:8:28-65
action#android.intent.action.MAIN
ADDED from src/main/AndroidManifest.xml:9:17-69
	android:name
		ADDED from src/main/AndroidManifest.xml:9:25-66
category#android.intent.category.LAUNCHER
ADDED from src/main/AndroidManifest.xml:10:17-77
	android:name
		ADDED from src/main/AndroidManifest.xml:10:27-74
intent-filter#android.intent.action.VIEW+android.intent.category.BROWSABLE+android.intent.category.DEFAULT
ADDED from src/main/AndroidManifest.xml:12:13-17:29
	android:autoVerify
		ADDED from src/main/AndroidManifest.xml:12:28-53
action#android.intent.action.VIEW
ADDED from src/main/AndroidManifest.xml:13:17-69
	android:name
		ADDED from src/main/AndroidManifest.xml:13:25-66
category#android.intent.category.DEFAULT
ADDED from src/main/AndroidManifest.xml:14:17-76
	android:name
		ADDED from src/main/AndroidManifest.xml:14:27-73
category#android.intent.category.BROWSABLE
ADDED from src/main/AndroidManifest.xml:15:17-78
	android:name
		ADDED from src/main/AndroidManifest.xml:15:27-75
data
ADDED from src/main/AndroidManifest.xml:16:17-97
	android:path
		ADDED from src/main/AndroidManifest.xml:16:52-72
	android:host
		ADDED from src/main/AndroidManifest.xml:16:23-51
	android:scheme
		ADDED from src/main/AndroidManifest.xml:16:73-94
uses-sdk
ADDED from src/main/AndroidManifest.xml:20:5-74
MERGED from [:CordovaLib] AndroidManifest.xml:25:5-44
MERGED from [:CordovaLib] AndroidManifest.xml:25:5-44
	android:targetSdkVersion
		ADDED from src/main/AndroidManifest.xml:20:42-71
	android:minSdkVersion
		ADDED from src/main/AndroidManifest.xml:20:15-41